17:03:55.589 platform [main] INFO  c.b.core.FreeBlogPortalApplication - Starting FreeBlogPortalApplication on DESKTOP-MALOAOP7 with PID 17992 (D:\Users\myBlog\blog\free-blog\free-blog-portal\target\classes started by WIN10 in D:\Users\myBlog\blog\free-blog)
17:03:55.600 platform [main] INFO  c.b.core.FreeBlogPortalApplication - The following profiles are active: test
17:03:55.651 platform [main] INFO  o.s.b.w.s.c.AnnotationConfigServletWebServerApplicationContext - Refreshing org.springframework.boot.web.servlet.context.AnnotationConfigServletWebServerApplicationContext@7817fd62: startup date [Fri Oct 11 17:03:55 CST 2019]; root of context hierarchy
17:03:57.148 platform [main] INFO  o.s.d.r.c.RepositoryConfigurationDelegate - Multiple Spring Data modules found, entering strict repository configuration mode!
17:03:57.749 platform [main] INFO  o.s.c.s.PostProcessorRegistrationDelegate$BeanPostProcessorChecker - Bean 'org.springframework.transaction.annotation.ProxyTransactionManagementConfiguration' of type [org.springframework.transaction.annotation.ProxyTransactionManagementConfiguration$$EnhancerBySpringCGLIB$$9f60bbd4] is not eligible for getting processed by all BeanPostProcessors (for example: not eligible for auto-proxying)
17:03:58.123 platform [main] INFO  o.s.c.s.PostProcessorRegistrationDelegate$BeanPostProcessorChecker - Bean 'org.springframework.cache.annotation.ProxyCachingConfiguration' of type [org.springframework.cache.annotation.ProxyCachingConfiguration$$EnhancerBySpringCGLIB$$e872f1f2] is not eligible for getting processed by all BeanPostProcessors (for example: not eligible for auto-proxying)
17:03:58.719 platform [main] INFO  o.s.b.w.e.tomcat.TomcatWebServer - Tomcat initialized with port(s): 8680 (http)
17:03:58.730 platform [main] INFO  o.a.coyote.http11.Http11NioProtocol - Initializing ProtocolHandler ["http-nio-8680"]
17:03:58.739 platform [main] INFO  o.a.catalina.core.StandardService - Starting service [Tomcat]
17:03:58.739 platform [main] INFO  o.a.catalina.core.StandardEngine - Starting Servlet Engine: Apache Tomcat/8.5.29
17:03:58.742 platform [localhost-startStop-1] INFO  o.a.c.core.AprLifecycleListener - The APR based Apache Tomcat Native library which allows optimal performance in production environments was not found on the java.library.path: [C:\Program Files\jdk1.8.0_25\bin;C:\WINDOWS\Sun\Java\bin;C:\WINDOWS\system32;C:\WINDOWS;C:\Program Files (x86)\Common Files\NetSarang;C:\Program Files (x86)\Intel\Intel(R) Management Engine Components\iCLS\;C:\Program Files\Intel\Intel(R) Management Engine Components\iCLS\;C:\WINDOWS\system32;C:\WINDOWS;C:\WINDOWS\System32\Wbem;C:\WINDOWS\System32\WindowsPowerShell\v1.0\;C:\WINDOWS\System32\OpenSSH\;C:\Program Files (x86)\Intel\Intel(R) Management Engine Components\DAL;C:\Program Files\Intel\Intel(R) Management Engine Components\DAL;C:\Program Files (x86)\Intel\Intel(R) Management Engine Components\IPT;C:\Program Files\Intel\Intel(R) Management Engine Components\IPT;C:\Program Files\jdk1.8.0_25\bin;E:\Program Files\Git\cmd;E:\Program Files\nodejs\;E:\Program Files\nodejs\npm;C:\Program Files\TortoiseSVN\bin;"D:\apache-maven-3.3.9\bin;";C:\Users\WIN10\AppData\Local\Microsoft\WindowsApps;C:\Users\WIN10\AppData\Roaming\npm;C:\Users\WIN10\AppData\Local\BypassRuntm;.]
17:03:58.924 platform [localhost-startStop-1] INFO  o.a.c.c.C.[Tomcat].[localhost].[/] - Initializing Spring embedded WebApplicationContext
17:03:58.924 platform [localhost-startStop-1] INFO  o.s.web.context.ContextLoader - Root WebApplicationContext: initialization completed in 3273 ms
17:03:59.158 platform [localhost-startStop-1] INFO  o.s.b.w.s.ServletRegistrationBean - Servlet dispatcherServlet mapped to [/]
17:03:59.159 platform [localhost-startStop-1] INFO  o.s.b.w.s.ServletRegistrationBean - Servlet statViewServlet mapped to [/druid/*]
17:03:59.162 platform [localhost-startStop-1] INFO  o.s.b.w.s.FilterRegistrationBean - Mapping filter: 'characterEncodingFilter' to: [/*]
17:03:59.162 platform [localhost-startStop-1] INFO  o.s.b.w.s.FilterRegistrationBean - Mapping filter: 'webStatFilter' to urls: [/*]
17:03:59.162 platform [localhost-startStop-1] INFO  o.s.b.w.s.FilterRegistrationBean - Mapping filter: 'corsFilter' to: [/*]
17:03:59.302 platform [main] INFO  c.a.d.s.b.a.DruidDataSourceAutoConfigure - Init DruidDataSource
17:03:59.924 platform [main] INFO  c.alibaba.druid.pool.DruidDataSource - {dataSource-1} inited
17:04:01.819 platform [main] INFO  o.s.w.s.m.m.a.RequestMappingHandlerMapping - Mapped "{[/portal/article/query],methods=[GET]}" onto public com.blog.core.common.utils.ResponseBo com.blog.core.article.controller.PortalArticleController.queryArticleByPage()
17:04:01.821 platform [main] INFO  o.s.w.s.m.m.a.RequestMappingHandlerMapping - Mapped "{[/portal/article/check_article],methods=[PUT]}" onto public com.blog.core.common.utils.ResponseBo com.blog.core.article.controller.PortalArticleController.submitCheckArticle(com.blog.core.article.entity.dto.PortalArticleCheckDTO)
17:04:01.821 platform [main] INFO  o.s.w.s.m.m.a.RequestMappingHandlerMapping - Mapped "{[/portal/article/update_temperature],methods=[PUT]}" onto public com.blog.core.common.utils.ResponseBo com.blog.core.article.controller.PortalArticleController.updateTemperature(java.lang.String)
17:04:01.821 platform [main] INFO  o.s.w.s.m.m.a.RequestMappingHandlerMapping - Mapped "{[/portal/article/save_draft],methods=[PUT]}" onto public com.blog.core.common.utils.ResponseBo com.blog.core.article.controller.PortalArticleController.saveDraft(com.blog.core.article.entity.dto.PortalArticleCheckDTO)
17:04:01.821 platform [main] INFO  o.s.w.s.m.m.a.RequestMappingHandlerMapping - Mapped "{[/portal/article/{id}],methods=[GET]}" onto public com.blog.core.common.utils.ResponseBo com.blog.core.article.controller.PortalArticleController.findArticleById(java.lang.String)
17:04:01.821 platform [main] INFO  o.s.w.s.m.m.a.RequestMappingHandlerMapping - Mapped "{[/portal/article/delete_draft],methods=[DELETE]}" onto public com.blog.core.common.utils.ResponseBo com.blog.core.article.controller.PortalArticleController.deleteDraft(java.lang.String)
17:04:01.822 platform [main] INFO  o.s.w.s.m.m.a.RequestMappingHandlerMapping - Mapped "{[/portal/article/update_approves],methods=[PUT]}" onto public com.blog.core.common.utils.ResponseBo com.blog.core.article.controller.PortalArticleController.updateApproves(java.lang.String)
17:04:01.822 platform [main] INFO  o.s.w.s.m.m.a.RequestMappingHandlerMapping - Mapped "{[/portal/article/update_comments],methods=[PUT]}" onto public com.blog.core.common.utils.ResponseBo com.blog.core.article.controller.PortalArticleController.updateComments(java.lang.String)
17:04:01.822 platform [main] INFO  o.s.w.s.m.m.a.RequestMappingHandlerMapping - Mapped "{[/category/query],methods=[GET]}" onto public com.blog.core.common.utils.ResponseBo com.blog.core.articlecategory.controller.PortalCategoryController.queryCategoryByPage()
17:04:01.823 platform [main] INFO  o.s.w.s.m.m.a.RequestMappingHandlerMapping - Mapped "{[/portal/comment/save],methods=[POST]}" onto public com.blog.core.common.utils.ResponseBo com.blog.core.comment.controller.PortalCommentController.saveArticleComment(com.blog.core.comment.entity.dto.PortalArticleCommentAddDTO)
17:04:01.823 platform [main] INFO  o.s.w.s.m.m.a.RequestMappingHandlerMapping - Mapped "{[/portal/comment/query],methods=[GET]}" onto public com.blog.core.common.utils.ResponseBo com.blog.core.comment.controller.PortalCommentController.queryCommentByPage()
17:04:01.823 platform [main] INFO  o.s.w.s.m.m.a.RequestMappingHandlerMapping - Mapped "{[/portal/comment/querybyarticleId],methods=[GET]}" onto public com.blog.core.common.utils.ResponseBo com.blog.core.comment.controller.PortalCommentController.queryCommentByArticleId(java.lang.String)
17:04:01.824 platform [main] INFO  o.s.w.s.m.m.a.RequestMappingHandlerMapping - Mapped "{[/portal/log/query],methods=[GET]}" onto public com.blog.core.common.utils.ResponseBo com.blog.core.log.controller.PortalLogController.queryLogByPage(com.blog.core.log.entity.dto.PortalLogQueryDTO,com.blog.core.common.utils.QueryRequest)
17:04:01.824 platform [main] INFO  o.s.w.s.m.m.a.RequestMappingHandlerMapping - Mapped "{[/portal/message/query],methods=[GET]}" onto public com.blog.core.common.utils.ResponseBo com.blog.core.message.controller.PortalMessageController.queryArticleByPage(com.blog.core.common.utils.QueryRequest,com.blog.core.message.entity.dto.PortalMessageQueryDTO)
17:04:01.825 platform [main] INFO  o.s.w.s.m.m.a.RequestMappingHandlerMapping - Mapped "{[/portal/menu/nav],methods=[GET]}" onto public com.blog.core.common.utils.ResponseBo com.blog.core.system.menu.controller.PortalMenuController.queryUserMenu()
17:04:01.825 platform [main] INFO  o.s.w.s.m.m.a.RequestMappingHandlerMapping - Mapped "{[/role/user/add],methods=[POST]}" onto public com.blog.core.common.utils.ResponseBo com.blog.core.system.role.controller.PortalRoleController.addUserRole(com.blog.core.system.role.entity.dto.PortalUserRoleAddQO)
17:04:01.825 platform [main] INFO  o.s.w.s.m.m.a.RequestMappingHandlerMapping - Mapped "{[/role/query],methods=[GET]}" onto public com.blog.core.common.utils.ResponseBo com.blog.core.system.role.controller.PortalRoleController.queryRoleByPage(com.blog.core.common.utils.QueryRequest)
17:04:01.826 platform [main] INFO  o.s.w.s.m.m.a.RequestMappingHandlerMapping - Mapped "{[/portal/user/add],methods=[POST]}" onto public com.blog.core.common.utils.ResponseBo com.blog.core.system.user.controller.PortalUserController.addUser(com.blog.core.system.user.entity.dto.PortalUserAddDTO)
17:04:01.826 platform [main] INFO  o.s.w.s.m.m.a.RequestMappingHandlerMapping - Mapped "{[/portal/user/update],methods=[PUT]}" onto public com.blog.core.common.utils.ResponseBo com.blog.core.system.user.controller.PortalUserController.updateUser(com.blog.core.system.user.entity.dto.PortalUserEditDTO)
17:04:01.826 platform [main] INFO  o.s.w.s.m.m.a.RequestMappingHandlerMapping - Mapped "{[/portal/user/queryUserById],methods=[GET]}" onto public com.blog.core.common.utils.ResponseBo com.blog.core.system.user.controller.PortalUserController.queryUserById(java.lang.String)
17:04:01.827 platform [main] INFO  o.s.w.s.m.m.a.RequestMappingHandlerMapping - Mapped "{[/portal/user/query],methods=[GET]}" onto public com.blog.core.common.utils.ResponseBo com.blog.core.system.user.controller.PortalUserController.queryUser(com.blog.core.system.user.entity.dto.PortalUserQueryDTO)
17:04:01.827 platform [main] INFO  o.s.w.s.m.m.a.RequestMappingHandlerMapping - Mapped "{[/auth/login],methods=[POST]}" onto public com.blog.core.common.utils.ResponseBo com.blog.core.system.user.controller.PortalUserLoginController.login(com.blog.core.system.user.entity.dto.PortalUserLoginDTO)
17:04:01.828 platform [main] INFO  o.s.w.s.m.m.a.RequestMappingHandlerMapping - Mapped "{[/auth/userinfo],methods=[GET]}" onto public com.blog.core.common.utils.ResponseBo com.blog.core.system.user.controller.PortalUserLoginController.queryUserInfo(java.lang.String)
17:04:01.828 platform [main] INFO  o.s.w.s.m.m.a.RequestMappingHandlerMapping - Mapped "{[/auth/logout],methods=[GET]}" onto public com.blog.core.common.utils.ResponseBo com.blog.core.system.user.controller.PortalUserLoginController.logout(org.tio.http.common.HttpRequest)
17:04:01.828 platform [main] INFO  o.s.w.s.m.m.a.RequestMappingHandlerMapping - Mapped "{[/portal/tag/query],methods=[GET]}" onto public com.blog.core.common.utils.ResponseBo com.blog.core.tag.controller.PortalTagController.queryTagByPage(com.blog.core.tag.entity.qo.PortalTagQueryDTO,com.blog.core.common.utils.QueryRequest)
17:04:01.831 platform [main] INFO  o.s.w.s.m.m.a.RequestMappingHandlerMapping - Mapped "{[/swagger-resources]}" onto public org.springframework.http.ResponseEntity<java.util.List<springfox.documentation.swagger.web.SwaggerResource>> springfox.documentation.swagger.web.ApiResourceController.swaggerResources()
17:04:01.831 platform [main] INFO  o.s.w.s.m.m.a.RequestMappingHandlerMapping - Mapped "{[/swagger-resources/configuration/ui]}" onto public org.springframework.http.ResponseEntity<springfox.documentation.swagger.web.UiConfiguration> springfox.documentation.swagger.web.ApiResourceController.uiConfiguration()
17:04:01.831 platform [main] INFO  o.s.w.s.m.m.a.RequestMappingHandlerMapping - Mapped "{[/swagger-resources/configuration/security]}" onto public org.springframework.http.ResponseEntity<springfox.documentation.swagger.web.SecurityConfiguration> springfox.documentation.swagger.web.ApiResourceController.securityConfiguration()
17:04:01.833 platform [main] INFO  o.s.w.s.m.m.a.RequestMappingHandlerMapping - Mapped "{[/error]}" onto public org.springframework.http.ResponseEntity<java.util.Map<java.lang.String, java.lang.Object>> org.springframework.boot.autoconfigure.web.servlet.error.BasicErrorController.error(javax.servlet.http.HttpServletRequest)
17:04:01.834 platform [main] INFO  o.s.w.s.m.m.a.RequestMappingHandlerMapping - Mapped "{[/error],produces=[text/html]}" onto public org.springframework.web.servlet.ModelAndView org.springframework.boot.autoconfigure.web.servlet.error.BasicErrorController.errorHtml(javax.servlet.http.HttpServletRequest,javax.servlet.http.HttpServletResponse)
17:04:02.006 platform [main] INFO  o.s.w.s.h.SimpleUrlHandlerMapping - Mapped URL path [/**] onto handler of type [class org.springframework.web.servlet.resource.ResourceHttpRequestHandler]
17:04:02.006 platform [main] INFO  o.s.w.s.h.SimpleUrlHandlerMapping - Mapped URL path [/swagger-ui.html] onto handler of type [class org.springframework.web.servlet.resource.ResourceHttpRequestHandler]
17:04:02.006 platform [main] INFO  o.s.w.s.h.SimpleUrlHandlerMapping - Mapped URL path [/webjars/**] onto handler of type [class org.springframework.web.servlet.resource.ResourceHttpRequestHandler]
17:04:02.061 platform [main] INFO  o.s.w.s.m.m.a.RequestMappingHandlerAdapter - Looking for @ControllerAdvice: org.springframework.boot.web.servlet.context.AnnotationConfigServletWebServerApplicationContext@7817fd62: startup date [Fri Oct 11 17:03:55 CST 2019]; root of context hierarchy
17:04:02.139 platform [main] INFO  o.s.w.s.m.m.a.ExceptionHandlerExceptionResolver - Detected @ExceptionHandler methods in blogExceptionHandler
17:04:02.174 platform [main] INFO  s.d.s.w.PropertySourcedRequestMappingHandlerMapping - Mapped URL path [/v2/api-docs] onto method [public org.springframework.http.ResponseEntity<springfox.documentation.spring.web.json.Json> springfox.documentation.swagger2.web.Swagger2Controller.getDocumentation(java.lang.String,javax.servlet.http.HttpServletRequest)]
17:04:02.691 platform [main] INFO  o.s.u.f.SpringTemplateLoader - SpringTemplateLoader for FreeMarker: using resource loader [org.springframework.boot.web.servlet.context.AnnotationConfigServletWebServerApplicationContext@7817fd62: startup date [Fri Oct 11 17:03:55 CST 2019]; root of context hierarchy] and template loader path [classpath:/templates/]
17:04:02.691 platform [main] INFO  o.s.w.s.v.f.FreeMarkerConfigurer - ClassTemplateLoader for Spring macros added to FreeMarker configuration
17:04:03.027 platform [main] INFO  o.s.j.e.a.AnnotationMBeanExporter - Registering beans for JMX exposure on startup
17:04:03.028 platform [main] INFO  o.s.j.e.a.AnnotationMBeanExporter - Bean with name 'statFilter' has been autodetected for JMX exposure
17:04:03.028 platform [main] INFO  o.s.j.e.a.AnnotationMBeanExporter - Bean with name 'dataSource' has been autodetected for JMX exposure
17:04:03.034 platform [main] INFO  o.s.j.e.a.AnnotationMBeanExporter - Located MBean 'dataSource': registering with JMX server as MBean [com.alibaba.druid.spring.boot.autoconfigure:name=dataSource,type=DruidDataSourceWrapper]
17:04:03.034 platform [main] INFO  o.s.j.e.a.AnnotationMBeanExporter - Located MBean 'statFilter': registering with JMX server as MBean [com.alibaba.druid.filter.stat:name=statFilter,type=StatFilter]
17:04:03.038 platform [main] INFO  o.s.c.s.DefaultLifecycleProcessor - Starting beans in phase 2147483647
17:04:03.038 platform [main] INFO  s.d.s.w.p.DocumentationPluginsBootstrapper - Context refreshed
17:04:03.046 platform [main] INFO  s.d.s.w.p.DocumentationPluginsBootstrapper - Found 1 custom documentation plugin(s)
17:04:03.076 platform [main] INFO  s.d.s.w.s.ApiListingReferenceScanner - Scanning for api listing references
17:04:03.219 platform [main] INFO  s.d.s.w.r.o.CachingOperationNameGenerator - Generating unique operation named: queryArticleByPageUsingGET_1
17:04:03.328 platform [main] INFO  o.a.coyote.http11.Http11NioProtocol - Starting ProtocolHandler ["http-nio-8680"]
17:04:03.336 platform [main] INFO  o.a.coyote.http11.Http11NioProtocol - Pausing ProtocolHandler ["http-nio-8680"]
17:04:03.336 platform [main] INFO  o.a.catalina.core.StandardService - Stopping service [Tomcat]
17:04:03.341 platform [main] INFO  o.apache.catalina.util.LifecycleBase - The stop() method was called on component [StandardServer[-1]] after stop() had already been called. The second call will be ignored.
17:04:03.341 platform [main] INFO  o.a.coyote.http11.Http11NioProtocol - Stopping ProtocolHandler ["http-nio-8680"]
17:04:03.341 platform [main] INFO  o.a.coyote.http11.Http11NioProtocol - Destroying ProtocolHandler ["http-nio-8680"]
17:04:03.344 platform [main] INFO  o.s.b.a.l.ConditionEvaluationReportLoggingListener - 

Error starting ApplicationContext. To display the conditions report re-run your application with 'debug' enabled.
17:04:03.347 platform [main] INFO  o.s.b.w.s.c.AnnotationConfigServletWebServerApplicationContext - Closing org.springframework.boot.web.servlet.context.AnnotationConfigServletWebServerApplicationContext@7817fd62: startup date [Fri Oct 11 17:03:55 CST 2019]; root of context hierarchy
17:04:03.349 platform [main] INFO  o.s.c.s.DefaultLifecycleProcessor - Stopping beans in phase 2147483647
17:04:03.350 platform [main] INFO  o.s.j.e.a.AnnotationMBeanExporter - Unregistering JMX-exposed beans on shutdown
17:04:03.350 platform [main] INFO  o.s.j.e.a.AnnotationMBeanExporter - Unregistering JMX-exposed beans
17:04:03.363 platform [main] INFO  c.alibaba.druid.pool.DruidDataSource - {dataSource-1} closed
17:04:30.168 platform [main] INFO  c.b.core.FreeBlogPortalApplication - Starting FreeBlogPortalApplication on DESKTOP-MALOAOP7 with PID 20960 (D:\Users\myBlog\blog\free-blog\free-blog-portal\target\classes started by WIN10 in D:\Users\myBlog\blog\free-blog)
17:04:30.170 platform [main] INFO  c.b.core.FreeBlogPortalApplication - The following profiles are active: test
17:04:30.204 platform [main] INFO  o.s.b.w.s.c.AnnotationConfigServletWebServerApplicationContext - Refreshing org.springframework.boot.web.servlet.context.AnnotationConfigServletWebServerApplicationContext@510f3d34: startup date [Fri Oct 11 17:04:30 CST 2019]; root of context hierarchy
17:04:31.107 platform [main] INFO  o.s.d.r.c.RepositoryConfigurationDelegate - Multiple Spring Data modules found, entering strict repository configuration mode!
17:04:31.448 platform [main] INFO  o.s.c.s.PostProcessorRegistrationDelegate$BeanPostProcessorChecker - Bean 'org.springframework.transaction.annotation.ProxyTransactionManagementConfiguration' of type [org.springframework.transaction.annotation.ProxyTransactionManagementConfiguration$$EnhancerBySpringCGLIB$$139bdb73] is not eligible for getting processed by all BeanPostProcessors (for example: not eligible for auto-proxying)
17:04:31.550 platform [main] INFO  o.s.c.s.PostProcessorRegistrationDelegate$BeanPostProcessorChecker - Bean 'org.springframework.cache.annotation.ProxyCachingConfiguration' of type [org.springframework.cache.annotation.ProxyCachingConfiguration$$EnhancerBySpringCGLIB$$5cae1191] is not eligible for getting processed by all BeanPostProcessors (for example: not eligible for auto-proxying)
17:04:31.877 platform [main] INFO  o.s.b.w.e.tomcat.TomcatWebServer - Tomcat initialized with port(s): 8681 (http)
17:04:31.886 platform [main] INFO  o.a.coyote.http11.Http11NioProtocol - Initializing ProtocolHandler ["http-nio-8681"]
17:04:31.940 platform [main] INFO  o.a.catalina.core.StandardService - Starting service [Tomcat]
17:04:31.940 platform [main] INFO  o.a.catalina.core.StandardEngine - Starting Servlet Engine: Apache Tomcat/8.5.29
17:04:31.943 platform [localhost-startStop-1] INFO  o.a.c.core.AprLifecycleListener - The APR based Apache Tomcat Native library which allows optimal performance in production environments was not found on the java.library.path: [C:\Program Files\jdk1.8.0_25\bin;C:\WINDOWS\Sun\Java\bin;C:\WINDOWS\system32;C:\WINDOWS;C:\Program Files (x86)\Common Files\NetSarang;C:\Program Files (x86)\Intel\Intel(R) Management Engine Components\iCLS\;C:\Program Files\Intel\Intel(R) Management Engine Components\iCLS\;C:\WINDOWS\system32;C:\WINDOWS;C:\WINDOWS\System32\Wbem;C:\WINDOWS\System32\WindowsPowerShell\v1.0\;C:\WINDOWS\System32\OpenSSH\;C:\Program Files (x86)\Intel\Intel(R) Management Engine Components\DAL;C:\Program Files\Intel\Intel(R) Management Engine Components\DAL;C:\Program Files (x86)\Intel\Intel(R) Management Engine Components\IPT;C:\Program Files\Intel\Intel(R) Management Engine Components\IPT;C:\Program Files\jdk1.8.0_25\bin;E:\Program Files\Git\cmd;E:\Program Files\nodejs\;E:\Program Files\nodejs\npm;C:\Program Files\TortoiseSVN\bin;"D:\apache-maven-3.3.9\bin;";C:\Users\WIN10\AppData\Local\Microsoft\WindowsApps;C:\Users\WIN10\AppData\Roaming\npm;C:\Users\WIN10\AppData\Local\BypassRuntm;.]
17:04:32.054 platform [localhost-startStop-1] INFO  o.a.c.c.C.[Tomcat].[localhost].[/] - Initializing Spring embedded WebApplicationContext
17:04:32.054 platform [localhost-startStop-1] INFO  o.s.web.context.ContextLoader - Root WebApplicationContext: initialization completed in 1850 ms
17:04:32.287 platform [localhost-startStop-1] INFO  o.s.b.w.s.ServletRegistrationBean - Servlet dispatcherServlet mapped to [/]
17:04:32.288 platform [localhost-startStop-1] INFO  o.s.b.w.s.ServletRegistrationBean - Servlet statViewServlet mapped to [/druid/*]
17:04:32.290 platform [localhost-startStop-1] INFO  o.s.b.w.s.FilterRegistrationBean - Mapping filter: 'characterEncodingFilter' to: [/*]
17:04:32.290 platform [localhost-startStop-1] INFO  o.s.b.w.s.FilterRegistrationBean - Mapping filter: 'webStatFilter' to urls: [/*]
17:04:32.291 platform [localhost-startStop-1] INFO  o.s.b.w.s.FilterRegistrationBean - Mapping filter: 'corsFilter' to: [/*]
17:04:32.406 platform [main] INFO  c.a.d.s.b.a.DruidDataSourceAutoConfigure - Init DruidDataSource
17:04:33.211 platform [main] INFO  c.alibaba.druid.pool.DruidDataSource - {dataSource-1} inited
17:04:34.901 platform [main] INFO  o.s.w.s.m.m.a.RequestMappingHandlerMapping - Mapped "{[/portal/article/check_article],methods=[PUT]}" onto public com.blog.core.common.utils.ResponseBo com.blog.core.article.controller.PortalArticleController.submitCheckArticle(com.blog.core.article.entity.dto.PortalArticleCheckDTO)
17:04:34.902 platform [main] INFO  o.s.w.s.m.m.a.RequestMappingHandlerMapping - Mapped "{[/portal/article/update_temperature],methods=[PUT]}" onto public com.blog.core.common.utils.ResponseBo com.blog.core.article.controller.PortalArticleController.updateTemperature(java.lang.String)
17:04:34.903 platform [main] INFO  o.s.w.s.m.m.a.RequestMappingHandlerMapping - Mapped "{[/portal/article/query],methods=[GET]}" onto public com.blog.core.common.utils.ResponseBo com.blog.core.article.controller.PortalArticleController.queryArticleByPage()
17:04:34.903 platform [main] INFO  o.s.w.s.m.m.a.RequestMappingHandlerMapping - Mapped "{[/portal/article/{id}],methods=[GET]}" onto public com.blog.core.common.utils.ResponseBo com.blog.core.article.controller.PortalArticleController.findArticleById(java.lang.String)
17:04:34.903 platform [main] INFO  o.s.w.s.m.m.a.RequestMappingHandlerMapping - Mapped "{[/portal/article/update_approves],methods=[PUT]}" onto public com.blog.core.common.utils.ResponseBo com.blog.core.article.controller.PortalArticleController.updateApproves(java.lang.String)
17:04:34.903 platform [main] INFO  o.s.w.s.m.m.a.RequestMappingHandlerMapping - Mapped "{[/portal/article/save_draft],methods=[PUT]}" onto public com.blog.core.common.utils.ResponseBo com.blog.core.article.controller.PortalArticleController.saveDraft(com.blog.core.article.entity.dto.PortalArticleCheckDTO)
17:04:34.903 platform [main] INFO  o.s.w.s.m.m.a.RequestMappingHandlerMapping - Mapped "{[/portal/article/delete_draft],methods=[DELETE]}" onto public com.blog.core.common.utils.ResponseBo com.blog.core.article.controller.PortalArticleController.deleteDraft(java.lang.String)
17:04:34.903 platform [main] INFO  o.s.w.s.m.m.a.RequestMappingHandlerMapping - Mapped "{[/portal/article/update_comments],methods=[PUT]}" onto public com.blog.core.common.utils.ResponseBo com.blog.core.article.controller.PortalArticleController.updateComments(java.lang.String)
17:04:34.904 platform [main] INFO  o.s.w.s.m.m.a.RequestMappingHandlerMapping - Mapped "{[/category/query],methods=[GET]}" onto public com.blog.core.common.utils.ResponseBo com.blog.core.articlecategory.controller.PortalCategoryController.queryCategoryByPage()
17:04:34.905 platform [main] INFO  o.s.w.s.m.m.a.RequestMappingHandlerMapping - Mapped "{[/portal/comment/save],methods=[POST]}" onto public com.blog.core.common.utils.ResponseBo com.blog.core.comment.controller.PortalCommentController.saveArticleComment(com.blog.core.comment.entity.dto.PortalArticleCommentAddDTO)
17:04:34.905 platform [main] INFO  o.s.w.s.m.m.a.RequestMappingHandlerMapping - Mapped "{[/portal/comment/querybyarticleId],methods=[GET]}" onto public com.blog.core.common.utils.ResponseBo com.blog.core.comment.controller.PortalCommentController.queryCommentByArticleId(java.lang.String)
17:04:34.905 platform [main] INFO  o.s.w.s.m.m.a.RequestMappingHandlerMapping - Mapped "{[/portal/comment/query],methods=[GET]}" onto public com.blog.core.common.utils.ResponseBo com.blog.core.comment.controller.PortalCommentController.queryCommentByPage()
17:04:34.905 platform [main] INFO  o.s.w.s.m.m.a.RequestMappingHandlerMapping - Mapped "{[/portal/log/query],methods=[GET]}" onto public com.blog.core.common.utils.ResponseBo com.blog.core.log.controller.PortalLogController.queryLogByPage(com.blog.core.log.entity.dto.PortalLogQueryDTO,com.blog.core.common.utils.QueryRequest)
17:04:34.906 platform [main] INFO  o.s.w.s.m.m.a.RequestMappingHandlerMapping - Mapped "{[/portal/message/query],methods=[GET]}" onto public com.blog.core.common.utils.ResponseBo com.blog.core.message.controller.PortalMessageController.queryArticleByPage(com.blog.core.common.utils.QueryRequest,com.blog.core.message.entity.dto.PortalMessageQueryDTO)
17:04:34.906 platform [main] INFO  o.s.w.s.m.m.a.RequestMappingHandlerMapping - Mapped "{[/portal/menu/nav],methods=[GET]}" onto public com.blog.core.common.utils.ResponseBo com.blog.core.system.menu.controller.PortalMenuController.queryUserMenu()
17:04:34.907 platform [main] INFO  o.s.w.s.m.m.a.RequestMappingHandlerMapping - Mapped "{[/role/query],methods=[GET]}" onto public com.blog.core.common.utils.ResponseBo com.blog.core.system.role.controller.PortalRoleController.queryRoleByPage(com.blog.core.common.utils.QueryRequest)
17:04:34.907 platform [main] INFO  o.s.w.s.m.m.a.RequestMappingHandlerMapping - Mapped "{[/role/user/add],methods=[POST]}" onto public com.blog.core.common.utils.ResponseBo com.blog.core.system.role.controller.PortalRoleController.addUserRole(com.blog.core.system.role.entity.dto.PortalUserRoleAddQO)
17:04:34.908 platform [main] INFO  o.s.w.s.m.m.a.RequestMappingHandlerMapping - Mapped "{[/portal/user/add],methods=[POST]}" onto public com.blog.core.common.utils.ResponseBo com.blog.core.system.user.controller.PortalUserController.addUser(com.blog.core.system.user.entity.dto.PortalUserAddDTO)
17:04:34.908 platform [main] INFO  o.s.w.s.m.m.a.RequestMappingHandlerMapping - Mapped "{[/portal/user/queryUserById],methods=[GET]}" onto public com.blog.core.common.utils.ResponseBo com.blog.core.system.user.controller.PortalUserController.queryUserById(java.lang.String)
17:04:34.908 platform [main] INFO  o.s.w.s.m.m.a.RequestMappingHandlerMapping - Mapped "{[/portal/user/update],methods=[PUT]}" onto public com.blog.core.common.utils.ResponseBo com.blog.core.system.user.controller.PortalUserController.updateUser(com.blog.core.system.user.entity.dto.PortalUserEditDTO)
17:04:34.908 platform [main] INFO  o.s.w.s.m.m.a.RequestMappingHandlerMapping - Mapped "{[/portal/user/query],methods=[GET]}" onto public com.blog.core.common.utils.ResponseBo com.blog.core.system.user.controller.PortalUserController.queryUser(com.blog.core.system.user.entity.dto.PortalUserQueryDTO)
17:04:34.909 platform [main] INFO  o.s.w.s.m.m.a.RequestMappingHandlerMapping - Mapped "{[/auth/userinfo],methods=[GET]}" onto public com.blog.core.common.utils.ResponseBo com.blog.core.system.user.controller.PortalUserLoginController.queryUserInfo(java.lang.String)
17:04:34.909 platform [main] INFO  o.s.w.s.m.m.a.RequestMappingHandlerMapping - Mapped "{[/auth/logout],methods=[GET]}" onto public com.blog.core.common.utils.ResponseBo com.blog.core.system.user.controller.PortalUserLoginController.logout(org.tio.http.common.HttpRequest)
17:04:34.909 platform [main] INFO  o.s.w.s.m.m.a.RequestMappingHandlerMapping - Mapped "{[/auth/login],methods=[POST]}" onto public com.blog.core.common.utils.ResponseBo com.blog.core.system.user.controller.PortalUserLoginController.login(com.blog.core.system.user.entity.dto.PortalUserLoginDTO)
17:04:34.909 platform [main] INFO  o.s.w.s.m.m.a.RequestMappingHandlerMapping - Mapped "{[/portal/tag/query],methods=[GET]}" onto public com.blog.core.common.utils.ResponseBo com.blog.core.tag.controller.PortalTagController.queryTagByPage(com.blog.core.tag.entity.qo.PortalTagQueryDTO,com.blog.core.common.utils.QueryRequest)
17:04:34.912 platform [main] INFO  o.s.w.s.m.m.a.RequestMappingHandlerMapping - Mapped "{[/swagger-resources/configuration/security]}" onto public org.springframework.http.ResponseEntity<springfox.documentation.swagger.web.SecurityConfiguration> springfox.documentation.swagger.web.ApiResourceController.securityConfiguration()
17:04:34.912 platform [main] INFO  o.s.w.s.m.m.a.RequestMappingHandlerMapping - Mapped "{[/swagger-resources]}" onto public org.springframework.http.ResponseEntity<java.util.List<springfox.documentation.swagger.web.SwaggerResource>> springfox.documentation.swagger.web.ApiResourceController.swaggerResources()
17:04:34.913 platform [main] INFO  o.s.w.s.m.m.a.RequestMappingHandlerMapping - Mapped "{[/swagger-resources/configuration/ui]}" onto public org.springframework.http.ResponseEntity<springfox.documentation.swagger.web.UiConfiguration> springfox.documentation.swagger.web.ApiResourceController.uiConfiguration()
17:04:34.915 platform [main] INFO  o.s.w.s.m.m.a.RequestMappingHandlerMapping - Mapped "{[/error]}" onto public org.springframework.http.ResponseEntity<java.util.Map<java.lang.String, java.lang.Object>> org.springframework.boot.autoconfigure.web.servlet.error.BasicErrorController.error(javax.servlet.http.HttpServletRequest)
17:04:34.915 platform [main] INFO  o.s.w.s.m.m.a.RequestMappingHandlerMapping - Mapped "{[/error],produces=[text/html]}" onto public org.springframework.web.servlet.ModelAndView org.springframework.boot.autoconfigure.web.servlet.error.BasicErrorController.errorHtml(javax.servlet.http.HttpServletRequest,javax.servlet.http.HttpServletResponse)
17:04:35.090 platform [main] INFO  o.s.w.s.h.SimpleUrlHandlerMapping - Mapped URL path [/**] onto handler of type [class org.springframework.web.servlet.resource.ResourceHttpRequestHandler]
17:04:35.090 platform [main] INFO  o.s.w.s.h.SimpleUrlHandlerMapping - Mapped URL path [/swagger-ui.html] onto handler of type [class org.springframework.web.servlet.resource.ResourceHttpRequestHandler]
17:04:35.090 platform [main] INFO  o.s.w.s.h.SimpleUrlHandlerMapping - Mapped URL path [/webjars/**] onto handler of type [class org.springframework.web.servlet.resource.ResourceHttpRequestHandler]
17:04:35.145 platform [main] INFO  o.s.w.s.m.m.a.RequestMappingHandlerAdapter - Looking for @ControllerAdvice: org.springframework.boot.web.servlet.context.AnnotationConfigServletWebServerApplicationContext@510f3d34: startup date [Fri Oct 11 17:04:30 CST 2019]; root of context hierarchy
17:04:35.212 platform [main] INFO  o.s.w.s.m.m.a.ExceptionHandlerExceptionResolver - Detected @ExceptionHandler methods in blogExceptionHandler
17:04:35.245 platform [main] INFO  s.d.s.w.PropertySourcedRequestMappingHandlerMapping - Mapped URL path [/v2/api-docs] onto method [public org.springframework.http.ResponseEntity<springfox.documentation.spring.web.json.Json> springfox.documentation.swagger2.web.Swagger2Controller.getDocumentation(java.lang.String,javax.servlet.http.HttpServletRequest)]
17:04:35.736 platform [main] INFO  o.s.u.f.SpringTemplateLoader - SpringTemplateLoader for FreeMarker: using resource loader [org.springframework.boot.web.servlet.context.AnnotationConfigServletWebServerApplicationContext@510f3d34: startup date [Fri Oct 11 17:04:30 CST 2019]; root of context hierarchy] and template loader path [classpath:/templates/]
17:04:35.737 platform [main] INFO  o.s.w.s.v.f.FreeMarkerConfigurer - ClassTemplateLoader for Spring macros added to FreeMarker configuration
17:04:36.126 platform [main] INFO  o.s.j.e.a.AnnotationMBeanExporter - Registering beans for JMX exposure on startup
17:04:36.127 platform [main] INFO  o.s.j.e.a.AnnotationMBeanExporter - Bean with name 'statFilter' has been autodetected for JMX exposure
17:04:36.127 platform [main] INFO  o.s.j.e.a.AnnotationMBeanExporter - Bean with name 'dataSource' has been autodetected for JMX exposure
17:04:36.133 platform [main] INFO  o.s.j.e.a.AnnotationMBeanExporter - Located MBean 'dataSource': registering with JMX server as MBean [com.alibaba.druid.spring.boot.autoconfigure:name=dataSource,type=DruidDataSourceWrapper]
17:04:36.134 platform [main] INFO  o.s.j.e.a.AnnotationMBeanExporter - Located MBean 'statFilter': registering with JMX server as MBean [com.alibaba.druid.filter.stat:name=statFilter,type=StatFilter]
17:04:36.140 platform [main] INFO  o.s.c.s.DefaultLifecycleProcessor - Starting beans in phase 2147483647
17:04:36.140 platform [main] INFO  s.d.s.w.p.DocumentationPluginsBootstrapper - Context refreshed
17:04:36.148 platform [main] INFO  s.d.s.w.p.DocumentationPluginsBootstrapper - Found 1 custom documentation plugin(s)
17:04:36.180 platform [main] INFO  s.d.s.w.s.ApiListingReferenceScanner - Scanning for api listing references
17:04:36.356 platform [main] INFO  s.d.s.w.r.o.CachingOperationNameGenerator - Generating unique operation named: queryArticleByPageUsingGET_1
17:04:36.488 platform [main] INFO  o.a.coyote.http11.Http11NioProtocol - Starting ProtocolHandler ["http-nio-8681"]
17:04:36.497 platform [main] INFO  o.a.tomcat.util.net.NioSelectorPool - Using a shared selector for servlet write/read
17:04:36.510 platform [main] INFO  o.s.b.w.e.tomcat.TomcatWebServer - Tomcat started on port(s): 8681 (http) with context path ''
17:04:36.514 platform [main] INFO  c.b.core.FreeBlogPortalApplication - Started FreeBlogPortalApplication in 6.828 seconds (JVM running for 7.692)
